C:\USERS\BLOGS_000\DESKTOP\STARSHIPFONTANA-MASTER\SRC\DEBUG\MAIN.OBJ
C:\USERS\BLOGS_000\DESKTOP\STARSHIPFONTANA-MASTER\SRC\DEBUG\SFAPP.OBJ
C:\USERS\BLOGS_000\DESKTOP\STARSHIPFONTANA-MASTER\SRC\DEBUG\SFASSET.OBJ
C:\USERS\BLOGS_000\DESKTOP\STARSHIPFONTANA-MASTER\SRC\DEBUG\SFBOUNDINGBOX.OBJ
C:\USERS\BLOGS_000\DESKTOP\STARSHIPFONTANA-MASTER\SRC\DEBUG\SFEVENT.OBJ
C:\USERS\BLOGS_000\DESKTOP\STARSHIPFONTANA-MASTER\SRC\DEBUG\SFWINDOW.OBJ
C:\USERS\BLOGS_000\DESKTOP\STARSHIPFONTANA-MASTER\SRC\DEBUG\VC110.PDB
C:\USERS\BLOGS_000\DESKTOP\STARSHIPFONTANA-MASTER\SRC\DEBUG\UNI.ILK
C:\USERS\BLOGS_000\DESKTOP\STARSHIPFONTANA-MASTER\SRC\DEBUG\UNI.EXE
C:\USERS\BLOGS_000\DESKTOP\STARSHIPFONTANA-MASTER\SRC\DEBUG\UNI.PDB
C:\Users\blogs_000\Desktop\StarshipFontana-master\src\Debug\Main.obj
C:\Users\blogs_000\Desktop\StarshipFontana-master\src\Debug\SFApp.obj
C:\Users\blogs_000\Desktop\StarshipFontana-master\src\Debug\SFAsset.obj
C:\Users\blogs_000\Desktop\StarshipFontana-master\src\Debug\SFBoundingBox.obj
C:\Users\blogs_000\Desktop\StarshipFontana-master\src\Debug\SFEvent.obj
C:\Users\blogs_000\Desktop\StarshipFontana-master\src\Debug\SFWindow.obj
C:\Users\blogs_000\Desktop\StarshipFontana-master\src\Debug\uni.ilk
C:\Users\blogs_000\Desktop\StarshipFontana-master\src\Debug\cl.command.1.tlog
C:\Users\blogs_000\Desktop\StarshipFontana-master\src\Debug\CL.read.1.tlog
C:\Users\blogs_000\Desktop\StarshipFontana-master\src\Debug\CL.write.1.tlog
C:\Users\blogs_000\Desktop\StarshipFontana-master\src\Debug\link-cvtres.read.1.tlog
C:\Users\blogs_000\Desktop\StarshipFontana-master\src\Debug\link-cvtres.write.1.tlog
C:\Users\blogs_000\Desktop\StarshipFontana-master\src\Debug\link-rc.read.1.tlog
C:\Users\blogs_000\Desktop\StarshipFontana-master\src\Debug\link-rc.write.1.tlog
C:\Users\blogs_000\Desktop\StarshipFontana-master\src\Debug\link.command.1.tlog
C:\Users\blogs_000\Desktop\StarshipFontana-master\src\Debug\link.read.1.tlog
C:\Users\blogs_000\Desktop\StarshipFontana-master\src\Debug\link.write.1.tlog
C:\Users\blogs_000\Desktop\StarshipFontana-master\src\Debug\vc110.idb
C:\Users\blogs_000\Desktop\StarshipFontana-master\src\Debug\uni.pdb
C:\Users\blogs_000\Desktop\StarshipFontana-master\src\Debug\vc110.pdb
C:\Users\blogs_000\Desktop\StarshipFontana-master\src\Debug\uni.exe
